<?xml version="1.0" encoding="UTF-8"?>
<testng-results skipped="0" failed="0" ignored="0" total="2" passed="2">
  <reporter-output>
  </reporter-output>
  <suite name="Simplilearn" duration-ms="9062" started-at="2021-10-28T06:58:18 UTC" finished-at="2021-10-28T06:58:27 UTC">
    <groups>
    </groups>
    <test name="Test" duration-ms="9062" started-at="2021-10-28T06:58:18 UTC" finished-at="2021-10-28T06:58:27 UTC">
      <class name="test.LoginTest">
        <test-method status="PASS" signature="ReportSetup()[pri:0, instance:test.LoginTest@51e2adc7]" name="ReportSetup" is-config="true" duration-ms="171" started-at="2021-10-28T06:58:18 UTC" finished-at="2021-10-28T06:58:18 UTC">
          <reporter-output>
          </reporter-output>
        </test-method> <!-- ReportSetup -->
        <test-method status="PASS" signature="setup()[pri:0, instance:test.LoginTest@51e2adc7]" name="setup" is-config="true" duration-ms="1621" started-at="2021-10-28T06:58:18 UTC" finished-at="2021-10-28T06:58:20 UTC">
          <reporter-output>
          </reporter-output>
        </test-method> <!-- setup -->
        <test-method status="PASS" signature="NegativeLogin(java.lang.String,java.lang.String)[pri:0, instance:test.LoginTest@51e2adc7]" name="NegativeLogin" duration-ms="2357" started-at="2021-10-28T06:58:20 UTC" finished-at="2021-10-28T06:58:22 UTC">
          <params>
            <param index="0">
              <value>
                <![CDATA[abc@gmail.com]]>
              </value>
            </param>
            <param index="1">
              <value>
                <![CDATA[Abcd@123]]>
              </value>
            </param>
          </params>
          <reporter-output>
          </reporter-output>
        </test-method> <!-- NegativeLogin -->
        <test-method status="PASS" signature="teardown()[pri:0, instance:test.LoginTest@51e2adc7]" name="teardown" is-config="true" duration-ms="74" started-at="2021-10-28T06:58:22 UTC" finished-at="2021-10-28T06:58:22 UTC">
          <reporter-output>
          </reporter-output>
        </test-method> <!-- teardown -->
        <test-method status="PASS" signature="setup()[pri:0, instance:test.LoginTest@51e2adc7]" name="setup" is-config="true" duration-ms="1357" started-at="2021-10-28T06:58:22 UTC" finished-at="2021-10-28T06:58:24 UTC">
          <reporter-output>
          </reporter-output>
        </test-method> <!-- setup -->
        <test-method status="PASS" signature="PositiveLogin(java.lang.String,java.lang.String)[pri:0, instance:test.LoginTest@51e2adc7]" name="PositiveLogin" duration-ms="3101" started-at="2021-10-28T06:58:24 UTC" finished-at="2021-10-28T06:58:27 UTC">
          <params>
            <param index="0">
              <value>
                <![CDATA[abc@gmail.com]]>
              </value>
            </param>
            <param index="1">
              <value>
                <![CDATA[Abce@123]]>
              </value>
            </param>
          </params>
          <reporter-output>
          </reporter-output>
        </test-method> <!-- PositiveLogin -->
        <test-method status="PASS" signature="teardown()[pri:0, instance:test.LoginTest@51e2adc7]" name="teardown" is-config="true" duration-ms="70" started-at="2021-10-28T06:58:27 UTC" finished-at="2021-10-28T06:58:27 UTC">
          <reporter-output>
          </reporter-output>
        </test-method> <!-- teardown -->
        <test-method status="PASS" signature="ReportTearDown()[pri:0, instance:test.LoginTest@51e2adc7]" name="ReportTearDown" is-config="true" duration-ms="276" started-at="2021-10-28T06:58:27 UTC" finished-at="2021-10-28T06:58:27 UTC">
          <reporter-output>
          </reporter-output>
        </test-method> <!-- ReportTearDown -->
      </class> <!-- test.LoginTest -->
    </test> <!-- Test -->
  </suite> <!-- Simplilearn -->
</testng-results>
